# JRE version: OpenJDK Runtime Environment (11.0.10) (build 11.0.10+0-b96-7249189)
# Java VM: OpenJDK 64-Bit Server VM (11.0.10+0-b96-7249189, mixed mode, tiered, compressed oops, g1 gc, windows-amd64)
Heap:
 garbage-first heap   total 225280K, used 128634K [0x0000000080000000, 0x0000000100000000)
  region size 1024K, 17 young (17408K), 3 survivors (3072K)
 Metaspace       used 102711K, capacity 105266K, committed 105420K, reserved 1140736K
  class space    used 12952K, capacity 13917K, committed 14028K, reserved 1048576K
GC Heap History (20 events):
Event: 248.430 GC heap before
{Heap before GC invocations=26 (full 0):
 garbage-first heap   total 225280K, used 122292K [0x0000000080000000, 0x0000000100000000)
  region size 1024K, 11 young (11264K), 8 survivors (8192K)
 Metaspace       used 95921K, capacity 98299K, committed 98636K, reserved 1134592K
  class space    used 12098K, capacity 12964K, committed 13132K, reserved 1048576K
}
Event: 248.439 GC heap after
{Heap after GC invocations=27 (full 0):
 garbage-first heap   total 225280K, used 118652K [0x0000000080000000, 0x0000000100000000)
  region size 1024K, 2 young (2048K), 2 survivors (2048K)
 Metaspace       used 95921K, capacity 98299K, committed 98636K, reserved 1134592K
  class space    used 12098K, capacity 12964K, committed 13132K, reserved 1048576K
}
Event: 248.819 GC heap before
{Heap before GC invocations=27 (full 0):
 garbage-first heap   total 225280K, used 154492K [0x0000000080000000, 0x0000000100000000)
  region size 1024K, 39 young (39936K), 2 survivors (2048K)
 Metaspace       used 96027K, capacity 98369K, committed 98636K, reserved 1134592K
  class space    used 12099K, capacity 12965K, committed 13132K, reserved 1048576K
}
Event: 248.825 GC heap after
{Heap after GC invocations=28 (full 0):
 garbage-first heap   total 225280K, used 118985K [0x0000000080000000, 0x0000000100000000)
  region size 1024K, 2 young (2048K), 2 survivors (2048K)
 Metaspace       used 96027K, capacity 98369K, committed 98636K, reserved 1134592K
  class space    used 12099K, capacity 12965K, committed 13132K, reserved 1048576K
}
Event: 396.635 GC heap before
{Heap before GC invocations=29 (full 0):
 garbage-first heap   total 225280K, used 169161K [0x0000000080000000, 0x0000000100000000)
  region size 1024K, 57 young (58368K), 2 survivors (2048K)
 Metaspace       used 96591K, capacity 98928K, committed 99148K, reserved 1134592K
  class space    used 12111K, capacity 12983K, committed 13132K, reserved 1048576K
}
Event: 396.649 GC heap after
{Heap after GC invocations=30 (full 0):
 garbage-first heap   total 225280K, used 118974K [0x0000000080000000, 0x0000000100000000)
  region size 1024K, 8 young (8192K), 8 survivors (8192K)
 Metaspace       used 96591K, capacity 98928K, committed 99148K, reserved 1134592K
  class space    used 12111K, capacity 12983K, committed 13132K, reserved 1048576K
}
Event: 396.668 GC heap before
{Heap before GC invocations=30 (full 0):
 garbage-first heap   total 225280K, used 122046K [0x0000000080000000, 0x0000000100000000)
  region size 1024K, 11 young (11264K), 8 survivors (8192K)
 Metaspace       used 96597K, capacity 98928K, committed 99148K, reserved 1134592K
  class space    used 12112K, capacity 12983K, committed 13132K, reserved 1048576K
}
Event: 396.690 GC heap after
{Heap after GC invocations=31 (full 0):
 garbage-first heap   total 225280K, used 106840K [0x0000000080000000, 0x0000000100000000)
  region size 1024K, 1 young (1024K), 1 survivors (1024K)
 Metaspace       used 96597K, capacity 98928K, committed 99148K, reserved 1134592K
  class space    used 12112K, capacity 12983K, committed 13132K, reserved 1048576K
}
Event: 396.774 GC heap before
{Heap before GC invocations=31 (full 0):
 garbage-first heap   total 225280K, used 119128K [0x0000000080000000, 0x0000000100000000)
  region size 1024K, 15 young (15360K), 1 survivors (1024K)
 Metaspace       used 96609K, capacity 98992K, committed 99404K, reserved 1136640K
  class space    used 12112K, capacity 12983K, committed 13132K, reserved 1048576K
}
Event: 396.786 GC heap after
{Heap after GC invocations=32 (full 0):
 garbage-first heap   total 225280K, used 112312K [0x0000000080000000, 0x0000000100000000)
  region size 1024K, 7 young (7168K), 7 survivors (7168K)
 Metaspace       used 96609K, capacity 98992K, committed 99404K, reserved 1136640K
  class space    used 12112K, capacity 12983K, committed 13132K, reserved 1048576K
}
Event: 398.452 GC heap before
{Heap before GC invocations=33 (full 0):
 garbage-first heap   total 225280K, used 178872K [0x0000000080000000, 0x0000000100000000)
  region size 1024K, 60 young (61440K), 7 survivors (7168K)
 Metaspace       used 96783K, capacity 99194K, committed 99404K, reserved 1136640K
  class space    used 12124K, capacity 13006K, committed 13132K, reserved 1048576K
}
Event: 398.462 GC heap after
{Heap after GC invocations=34 (full 0):
 garbage-first heap   total 225280K, used 113023K [0x0000000080000000, 0x0000000100000000)
  region size 1024K, 7 young (7168K), 7 survivors (7168K)
 Metaspace       used 96783K, capacity 99194K, committed 99404K, reserved 1136640K
  class space    used 12124K, capacity 13006K, committed 13132K, reserved 1048576K
}
Event: 398.469 GC heap before
{Heap before GC invocations=34 (full 0):
 garbage-first heap   total 225280K, used 117119K [0x0000000080000000, 0x0000000100000000)
  region size 1024K, 11 young (11264K), 7 survivors (7168K)
 Metaspace       used 96787K, capacity 99194K, committed 99404K, reserved 1136640K
  class space    used 12124K, capacity 13006K, committed 13132K, reserved 1048576K
}
Event: 398.477 GC heap after
{Heap after GC invocations=35 (full 0):
 garbage-first heap   total 225280K, used 104448K [0x0000000080000000, 0x0000000100000000)
  region size 1024K, 1 young (1024K), 1 survivors (1024K)
 Metaspace       used 96787K, capacity 99194K, committed 99404K, reserved 1136640K
  class space    used 12124K, capacity 13006K, committed 13132K, reserved 1048576K
}
Event: 398.705 GC heap before
{Heap before GC invocations=35 (full 0):
 garbage-first heap   total 225280K, used 138240K [0x0000000080000000, 0x0000000100000000)
  region size 1024K, 36 young (36864K), 1 survivors (1024K)
 Metaspace       used 96839K, capacity 99270K, committed 99404K, reserved 1136640K
  class space    used 12125K, capacity 13008K, committed 13132K, reserved 1048576K
}
Event: 398.710 GC heap after
{Heap after GC invocations=36 (full 0):
 garbage-first heap   total 225280K, used 104988K [0x0000000080000000, 0x0000000100000000)
  region size 1024K, 2 young (2048K), 2 survivors (2048K)
 Metaspace       used 96839K, capacity 99270K, committed 99404K, reserved 1136640K
  class space    used 12125K, capacity 13008K, committed 13132K, reserved 1048576K
}
Event: 592.853 GC heap before
{Heap before GC invocations=37 (full 0):
 garbage-first heap   total 225280K, used 185884K [0x0000000080000000, 0x0000000100000000)
  region size 1024K, 68 young (69632K), 2 survivors (2048K)
 Metaspace       used 100641K, capacity 103140K, committed 103372K, reserved 1138688K
  class space    used 12714K, capacity 13660K, committed 13772K, reserved 1048576K
}
Event: 592.863 GC heap after
{Heap after GC invocations=38 (full 0):
 garbage-first heap   total 225280K, used 116788K [0x0000000080000000, 0x0000000100000000)
  region size 1024K, 7 young (7168K), 7 survivors (7168K)
 Metaspace       used 100641K, capacity 103140K, committed 103372K, reserved 1138688K
  class space    used 12714K, capacity 13660K, committed 13772K, reserved 1048576K
}
Event: 592.877 GC heap before
{Heap before GC invocations=38 (full 0):
 garbage-first heap   total 225280K, used 120884K [0x0000000080000000, 0x0000000100000000)
  region size 1024K, 11 young (11264K), 7 survivors (7168K)
 Metaspace       used 100642K, capacity 103140K, committed 103372K, reserved 1138688K
  class space    used 12714K, capacity 13660K, committed 13772K, reserved 1048576K
}
Event: 592.884 GC heap after
{Heap after GC invocations=39 (full 0):
 garbage-first heap   total 225280K, used 110051K [0x0000000080000000, 0x0000000100000000)
  region size 1024K, 1 young (1024K), 1 survivors (1024K)
 Metaspace       used 100642K, capacity 103140K, committed 103372K, reserved 1138688K
  class space    used 12714K, capacity 13660K, committed 13772K, reserved 1048576K
}

