# JRE version: OpenJDK Runtime Environment (11.0.10) (build 11.0.10+0-b96-7249189)
# Java VM: OpenJDK 64-Bit Server VM (11.0.10+0-b96-7249189, mixed mode, tiered, compressed oops, g1 gc, windows-amd64)
Heap:
 garbage-first heap   total 187392K, used 131142K [0x0000000080000000, 0x0000000100000000)
  region size 1024K, 25 young (25600K), 7 survivors (7168K)
 Metaspace       used 111844K, capacity 114902K, committed 115072K, reserved 1148928K
  class space    used 14135K, capacity 15225K, committed 15232K, reserved 1048576K
GC Heap History (20 events):
Event: 55.937 GC heap before
{Heap before GC invocations=63 (full 0):
 garbage-first heap   total 187392K, used 154797K [0x0000000080000000, 0x0000000100000000)
  region size 1024K, 52 young (53248K), 4 survivors (4096K)
 Metaspace       used 101474K, capacity 103999K, committed 104448K, reserved 1140736K
  class space    used 12811K, capacity 13652K, committed 13824K, reserved 1048576K
}
Event: 55.943 GC heap after
{Heap after GC invocations=64 (full 0):
 garbage-first heap   total 187392K, used 106346K [0x0000000080000000, 0x0000000100000000)
  region size 1024K, 4 young (4096K), 4 survivors (4096K)
 Metaspace       used 101474K, capacity 103999K, committed 104448K, reserved 1140736K
  class space    used 12811K, capacity 13652K, committed 13824K, reserved 1048576K
}
Event: 56.045 GC heap before
{Heap before GC invocations=64 (full 0):
 garbage-first heap   total 187392K, used 155498K [0x0000000080000000, 0x0000000100000000)
  region size 1024K, 52 young (53248K), 4 survivors (4096K)
 Metaspace       used 101491K, capacity 103999K, committed 104448K, reserved 1140736K
  class space    used 12813K, capacity 13652K, committed 13824K, reserved 1048576K
}
Event: 56.049 GC heap after
{Heap after GC invocations=65 (full 0):
 garbage-first heap   total 187392K, used 106160K [0x0000000080000000, 0x0000000100000000)
  region size 1024K, 4 young (4096K), 4 survivors (4096K)
 Metaspace       used 101491K, capacity 103999K, committed 104448K, reserved 1140736K
  class space    used 12813K, capacity 13652K, committed 13824K, reserved 1048576K
}
Event: 56.511 GC heap before
{Heap before GC invocations=66 (full 0):
 garbage-first heap   total 187392K, used 159408K [0x0000000080000000, 0x0000000100000000)
  region size 1024K, 54 young (55296K), 4 survivors (4096K)
 Metaspace       used 101744K, capacity 104210K, committed 104704K, reserved 1140736K
  class space    used 12829K, capacity 13679K, committed 13824K, reserved 1048576K
}
Event: 56.518 GC heap after
{Heap after GC invocations=67 (full 0):
 garbage-first heap   total 187392K, used 110936K [0x0000000080000000, 0x0000000100000000)
  region size 1024K, 6 young (6144K), 6 survivors (6144K)
 Metaspace       used 101744K, capacity 104210K, committed 104704K, reserved 1140736K
  class space    used 12829K, capacity 13679K, committed 13824K, reserved 1048576K
}
Event: 56.725 GC heap before
{Heap before GC invocations=67 (full 0):
 garbage-first heap   total 187392K, used 159064K [0x0000000080000000, 0x0000000100000000)
  region size 1024K, 53 young (54272K), 6 survivors (6144K)
 Metaspace       used 101745K, capacity 104210K, committed 104704K, reserved 1140736K
  class space    used 12829K, capacity 13679K, committed 13824K, reserved 1048576K
}
Event: 56.733 GC heap after
{Heap after GC invocations=68 (full 0):
 garbage-first heap   total 187392K, used 111341K [0x0000000080000000, 0x0000000100000000)
  region size 1024K, 4 young (4096K), 4 survivors (4096K)
 Metaspace       used 101745K, capacity 104210K, committed 104704K, reserved 1140736K
  class space    used 12829K, capacity 13679K, committed 13824K, reserved 1048576K
}
Event: 57.018 GC heap before
{Heap before GC invocations=69 (full 0):
 garbage-first heap   total 187392K, used 159469K [0x0000000080000000, 0x0000000100000000)
  region size 1024K, 51 young (52224K), 4 survivors (4096K)
 Metaspace       used 101748K, capacity 104210K, committed 104704K, reserved 1140736K
  class space    used 12829K, capacity 13679K, committed 13824K, reserved 1048576K
}
Event: 57.022 GC heap after
{Heap after GC invocations=70 (full 0):
 garbage-first heap   total 187392K, used 111609K [0x0000000080000000, 0x0000000100000000)
  region size 1024K, 4 young (4096K), 4 survivors (4096K)
 Metaspace       used 101748K, capacity 104210K, committed 104704K, reserved 1140736K
  class space    used 12829K, capacity 13679K, committed 13824K, reserved 1048576K
}
Event: 57.229 GC heap before
{Heap before GC invocations=70 (full 0):
 garbage-first heap   total 187392K, used 159737K [0x0000000080000000, 0x0000000100000000)
  region size 1024K, 51 young (52224K), 4 survivors (4096K)
 Metaspace       used 101752K, capacity 104210K, committed 104704K, reserved 1140736K
  class space    used 12831K, capacity 13679K, committed 13824K, reserved 1048576K
}
Event: 57.231 GC heap after
{Heap after GC invocations=71 (full 0):
 garbage-first heap   total 187392K, used 111696K [0x0000000080000000, 0x0000000100000000)
  region size 1024K, 4 young (4096K), 4 survivors (4096K)
 Metaspace       used 101752K, capacity 104210K, committed 104704K, reserved 1140736K
  class space    used 12831K, capacity 13679K, committed 13824K, reserved 1048576K
}
Event: 57.428 GC heap before
{Heap before GC invocations=71 (full 0):
 garbage-first heap   total 187392K, used 160848K [0x0000000080000000, 0x0000000100000000)
  region size 1024K, 52 young (53248K), 4 survivors (4096K)
 Metaspace       used 101761K, capacity 104210K, committed 104704K, reserved 1140736K
  class space    used 12831K, capacity 13679K, committed 13824K, reserved 1048576K
}
Event: 57.431 GC heap after
{Heap after GC invocations=72 (full 0):
 garbage-first heap   total 187392K, used 111502K [0x0000000080000000, 0x0000000100000000)
  region size 1024K, 4 young (4096K), 4 survivors (4096K)
 Metaspace       used 101761K, capacity 104210K, committed 104704K, reserved 1140736K
  class space    used 12831K, capacity 13679K, committed 13824K, reserved 1048576K
}
Event: 58.095 GC heap before
{Heap before GC invocations=73 (full 0):
 garbage-first heap   total 187392K, used 159630K [0x0000000080000000, 0x0000000100000000)
  region size 1024K, 52 young (53248K), 4 survivors (4096K)
 Metaspace       used 106216K, capacity 108865K, committed 108928K, reserved 1144832K
  class space    used 13442K, capacity 14429K, committed 14464K, reserved 1048576K
}
Event: 58.099 GC heap after
{Heap after GC invocations=74 (full 0):
 garbage-first heap   total 187392K, used 108580K [0x0000000080000000, 0x0000000100000000)
  region size 1024K, 3 young (3072K), 3 survivors (3072K)
 Metaspace       used 106216K, capacity 108865K, committed 108928K, reserved 1144832K
  class space    used 13442K, capacity 14429K, committed 14464K, reserved 1048576K
}
Event: 1202.703 GC heap before
{Heap before GC invocations=74 (full 0):
 garbage-first heap   total 187392K, used 158756K [0x0000000080000000, 0x0000000100000000)
  region size 1024K, 52 young (53248K), 3 survivors (3072K)
 Metaspace       used 108535K, capacity 111451K, committed 111616K, reserved 1146880K
  class space    used 13741K, capacity 14757K, committed 14848K, reserved 1048576K
}
Event: 1202.712 GC heap after
{Heap after GC invocations=75 (full 0):
 garbage-first heap   total 187392K, used 109968K [0x0000000080000000, 0x0000000100000000)
  region size 1024K, 4 young (4096K), 4 survivors (4096K)
 Metaspace       used 108535K, capacity 111451K, committed 111616K, reserved 1146880K
  class space    used 13741K, capacity 14757K, committed 14848K, reserved 1048576K
}
Event: 1470.330 GC heap before
{Heap before GC invocations=76 (full 0):
 garbage-first heap   total 187392K, used 159120K [0x0000000080000000, 0x0000000100000000)
  region size 1024K, 53 young (54272K), 4 survivors (4096K)
 Metaspace       used 110150K, capacity 113159K, committed 113280K, reserved 1146880K
  class space    used 13915K, capacity 14919K, committed 14976K, reserved 1048576K
}
Event: 1470.343 GC heap after
{Heap after GC invocations=77 (full 0):
 garbage-first heap   total 187392K, used 114758K [0x0000000080000000, 0x0000000100000000)
  region size 1024K, 7 young (7168K), 7 survivors (7168K)
 Metaspace       used 110150K, capacity 113159K, committed 113280K, reserved 1146880K
  class space    used 13915K, capacity 14919K, committed 14976K, reserved 1048576K
}

