# JRE version: OpenJDK Runtime Environment (11.0.10) (build 11.0.10+0-b96-7249189)
# Java VM: OpenJDK 64-Bit Server VM (11.0.10+0-b96-7249189, mixed mode, tiered, compressed oops, g1 gc, windows-amd64)
Heap:
 garbage-first heap   total 270336K, used 148657K [0x0000000080000000, 0x0000000100000000)
  region size 1024K, 12 young (12288K), 2 survivors (2048K)
 Metaspace       used 159939K, capacity 166084K, committed 166232K, reserved 1193984K
  class space    used 19554K, capacity 21624K, committed 21632K, reserved 1048576K
GC Heap History (20 events):
Event: 2436.332 GC heap after
{Heap after GC invocations=121 (full 0):
 garbage-first heap   total 225280K, used 151858K [0x0000000080000000, 0x0000000100000000)
  region size 1024K, 5 young (5120K), 5 survivors (5120K)
 Metaspace       used 154249K, capacity 160125K, committed 160216K, reserved 1187840K
  class space    used 19012K, capacity 20987K, committed 20992K, reserved 1048576K
}
Event: 2438.188 GC heap before
{Heap before GC invocations=122 (full 0):
 garbage-first heap   total 225280K, used 198962K [0x0000000080000000, 0x0000000100000000)
  region size 1024K, 36 young (36864K), 5 survivors (5120K)
 Metaspace       used 156198K, capacity 162203K, committed 162520K, reserved 1189888K
  class space    used 19176K, capacity 21186K, committed 21248K, reserved 1048576K
}
Event: 2438.199 GC heap after
{Heap after GC invocations=123 (full 0):
 garbage-first heap   total 225280K, used 151445K [0x0000000080000000, 0x0000000100000000)
  region size 1024K, 4 young (4096K), 4 survivors (4096K)
 Metaspace       used 156198K, capacity 162203K, committed 162520K, reserved 1189888K
  class space    used 19176K, capacity 21186K, committed 21248K, reserved 1048576K
}
Event: 2438.718 GC heap before
{Heap before GC invocations=123 (full 0):
 garbage-first heap   total 225280K, used 184213K [0x0000000080000000, 0x0000000100000000)
  region size 1024K, 37 young (37888K), 4 survivors (4096K)
 Metaspace       used 156982K, capacity 162939K, committed 163032K, reserved 1191936K
  class space    used 19221K, capacity 21218K, committed 21248K, reserved 1048576K
}
Event: 2438.735 GC heap after
{Heap after GC invocations=124 (full 0):
 garbage-first heap   total 225280K, used 157295K [0x0000000080000000, 0x0000000100000000)
  region size 1024K, 5 young (5120K), 5 survivors (5120K)
 Metaspace       used 156982K, capacity 162939K, committed 163032K, reserved 1191936K
  class space    used 19221K, capacity 21218K, committed 21248K, reserved 1048576K
}
Event: 2439.457 GC heap before
{Heap before GC invocations=125 (full 0):
 garbage-first heap   total 225280K, used 176751K [0x0000000080000000, 0x0000000100000000)
  region size 1024K, 34 young (34816K), 5 survivors (5120K)
 Metaspace       used 157052K, capacity 163067K, committed 163288K, reserved 1191936K
  class space    used 19221K, capacity 21218K, committed 21248K, reserved 1048576K
}
Event: 2439.468 GC heap after
{Heap after GC invocations=126 (full 0):
 garbage-first heap   total 270336K, used 148553K [0x0000000080000000, 0x0000000100000000)
  region size 1024K, 2 young (2048K), 2 survivors (2048K)
 Metaspace       used 157052K, capacity 163067K, committed 163288K, reserved 1191936K
  class space    used 19221K, capacity 21218K, committed 21248K, reserved 1048576K
}
Event: 2439.567 GC heap before
{Heap before GC invocations=126 (full 0):
 garbage-first heap   total 270336K, used 158793K [0x0000000080000000, 0x0000000100000000)
  region size 1024K, 13 young (13312K), 2 survivors (2048K)
 Metaspace       used 157099K, capacity 163067K, committed 163288K, reserved 1191936K
  class space    used 19221K, capacity 21218K, committed 21248K, reserved 1048576K
}
Event: 2439.578 GC heap after
{Heap after GC invocations=127 (full 0):
 garbage-first heap   total 270336K, used 139225K [0x0000000080000000, 0x0000000100000000)
  region size 1024K, 1 young (1024K), 1 survivors (1024K)
 Metaspace       used 157099K, capacity 163067K, committed 163288K, reserved 1191936K
  class space    used 19221K, capacity 21218K, committed 21248K, reserved 1048576K
}
Event: 2703.940 GC heap before
{Heap before GC invocations=127 (full 0):
 garbage-first heap   total 270336K, used 190425K [0x0000000080000000, 0x0000000100000000)
  region size 1024K, 52 young (53248K), 1 survivors (1024K)
 Metaspace       used 157391K, capacity 163391K, committed 163672K, reserved 1191936K
  class space    used 19244K, capacity 21256K, committed 21376K, reserved 1048576K
}
Event: 2703.948 GC heap after
{Heap after GC invocations=128 (full 0):
 garbage-first heap   total 270336K, used 140158K [0x0000000080000000, 0x0000000100000000)
  region size 1024K, 2 young (2048K), 2 survivors (2048K)
 Metaspace       used 157391K, capacity 163391K, committed 163672K, reserved 1191936K
  class space    used 19244K, capacity 21256K, committed 21376K, reserved 1048576K
}
Event: 2704.988 GC heap before
{Heap before GC invocations=129 (full 0):
 garbage-first heap   total 270336K, used 193406K [0x0000000080000000, 0x0000000100000000)
  region size 1024K, 57 young (58368K), 2 survivors (2048K)
 Metaspace       used 159693K, capacity 165775K, committed 165976K, reserved 1193984K
  class space    used 19533K, capacity 21591K, committed 21632K, reserved 1048576K
}
Event: 2705.001 GC heap after
{Heap after GC invocations=130 (full 0):
 garbage-first heap   total 270336K, used 143911K [0x0000000080000000, 0x0000000100000000)
  region size 1024K, 8 young (8192K), 8 survivors (8192K)
 Metaspace       used 159693K, capacity 165775K, committed 165976K, reserved 1193984K
  class space    used 19533K, capacity 21591K, committed 21632K, reserved 1048576K
}
Event: 2705.033 GC heap before
{Heap before GC invocations=130 (full 0):
 garbage-first heap   total 270336K, used 149031K [0x0000000080000000, 0x0000000100000000)
  region size 1024K, 13 young (13312K), 8 survivors (8192K)
 Metaspace       used 159694K, capacity 165775K, committed 165976K, reserved 1193984K
  class space    used 19533K, capacity 21591K, committed 21632K, reserved 1048576K
}
Event: 2705.047 GC heap after
{Heap after GC invocations=131 (full 0):
 garbage-first heap   total 270336K, used 135403K [0x0000000080000000, 0x0000000100000000)
  region size 1024K, 1 young (1024K), 1 survivors (1024K)
 Metaspace       used 159694K, capacity 165775K, committed 165976K, reserved 1193984K
  class space    used 19533K, capacity 21591K, committed 21632K, reserved 1048576K
}
Event: 2709.337 GC heap before
{Heap before GC invocations=131 (full 0):
 garbage-first heap   total 270336K, used 195819K [0x0000000080000000, 0x0000000100000000)
  region size 1024K, 61 young (62464K), 1 survivors (1024K)
 Metaspace       used 159779K, capacity 165853K, committed 165976K, reserved 1193984K
  class space    used 19536K, capacity 21593K, committed 21632K, reserved 1048576K
}
Event: 2709.352 GC heap after
{Heap after GC invocations=132 (full 0):
 garbage-first heap   total 270336K, used 140135K [0x0000000080000000, 0x0000000100000000)
  region size 1024K, 6 young (6144K), 6 survivors (6144K)
 Metaspace       used 159779K, capacity 165853K, committed 165976K, reserved 1193984K
  class space    used 19536K, capacity 21593K, committed 21632K, reserved 1048576K
}
Event: 2728.834 GC heap before
{Heap before GC invocations=133 (full 0):
 garbage-first heap   total 270336K, used 202599K [0x0000000080000000, 0x0000000100000000)
  region size 1024K, 67 young (68608K), 6 survivors (6144K)
 Metaspace       used 159861K, capacity 166006K, committed 166232K, reserved 1193984K
  class space    used 19541K, capacity 21600K, committed 21632K, reserved 1048576K
}
Event: 2728.843 GC heap after
{Heap after GC invocations=134 (full 0):
 garbage-first heap   total 270336K, used 138417K [0x0000000080000000, 0x0000000100000000)
  region size 1024K, 3 young (3072K), 3 survivors (3072K)
 Metaspace       used 159861K, capacity 166006K, committed 166232K, reserved 1193984K
  class space    used 19541K, capacity 21600K, committed 21632K, reserved 1048576K
}
Event: 2728.975 GC heap before
{Heap before GC invocations=134 (full 0):
 garbage-first heap   total 270336K, used 147633K [0x0000000080000000, 0x0000000100000000)
  region size 1024K, 13 young (13312K), 3 survivors (3072K)
 Metaspace       used 159939K, capacity 166084K, committed 166232K, reserved 1193984K
  class space    used 19554K, capacity 21624K, committed 21632K, reserved 1048576K
}

