# JRE version: OpenJDK Runtime Environment (11.0.10) (build 11.0.10+0-b96-7249189)
# Java VM: OpenJDK 64-Bit Server VM (11.0.10+0-b96-7249189, mixed mode, tiered, compressed oops, g1 gc, windows-amd64)
Heap:
 garbage-first heap   total 187392K, used 62275K [0x0000000080000000, 0x0000000100000000)
  region size 1024K, 20 young (20480K), 7 survivors (7168K)
 Metaspace       used 64158K, capacity 65767K, committed 65868K, reserved 1105920K
  class space    used 8156K, capacity 8741K, committed 8780K, reserved 1048576K
GC Heap History (20 events):
Event: 0.724 GC heap before
{Heap before GC invocations=1 (full 0):
 garbage-first heap   total 129024K, used 20120K [0x0000000080000000, 0x0000000100000000)
  region size 1024K, 14 young (14336K), 2 survivors (2048K)
 Metaspace       used 10211K, capacity 10425K, committed 10624K, reserved 1058816K
  class space    used 1064K, capacity 1139K, committed 1152K, reserved 1048576K
}
Event: 0.727 GC heap after
{Heap after GC invocations=2 (full 0):
 garbage-first heap   total 129024K, used 9161K [0x0000000080000000, 0x0000000100000000)
  region size 1024K, 2 young (2048K), 2 survivors (2048K)
 Metaspace       used 10211K, capacity 10425K, committed 10624K, reserved 1058816K
  class space    used 1064K, capacity 1139K, committed 1152K, reserved 1048576K
}
Event: 1.144 GC heap before
{Heap before GC invocations=2 (full 0):
 garbage-first heap   total 129024K, used 39881K [0x0000000080000000, 0x0000000100000000)
  region size 1024K, 32 young (32768K), 2 survivors (2048K)
 Metaspace       used 11148K, capacity 11378K, committed 11520K, reserved 1058816K
  class space    used 1166K, capacity 1243K, committed 1280K, reserved 1048576K
}
Event: 1.147 GC heap after
{Heap after GC invocations=3 (full 0):
 garbage-first heap   total 129024K, used 11700K [0x0000000080000000, 0x0000000100000000)
  region size 1024K, 4 young (4096K), 4 survivors (4096K)
 Metaspace       used 11148K, capacity 11378K, committed 11520K, reserved 1058816K
  class space    used 1166K, capacity 1243K, committed 1280K, reserved 1048576K
}
Event: 2.385 GC heap before
{Heap before GC invocations=3 (full 0):
 garbage-first heap   total 129024K, used 74164K [0x0000000080000000, 0x0000000100000000)
  region size 1024K, 66 young (67584K), 4 survivors (4096K)
 Metaspace       used 20623K, capacity 21128K, committed 21248K, reserved 1067008K
  class space    used 2518K, capacity 2722K, committed 2816K, reserved 1048576K
}
Event: 2.393 GC heap after
{Heap after GC invocations=4 (full 0):
 garbage-first heap   total 129024K, used 16714K [0x0000000080000000, 0x0000000100000000)
  region size 1024K, 9 young (9216K), 9 survivors (9216K)
 Metaspace       used 20623K, capacity 21128K, committed 21248K, reserved 1067008K
  class space    used 2518K, capacity 2722K, committed 2816K, reserved 1048576K
}
Event: 3.289 GC heap before
{Heap before GC invocations=5 (full 0):
 garbage-first heap   total 129024K, used 82250K [0x0000000080000000, 0x0000000100000000)
  region size 1024K, 73 young (74752K), 9 survivors (9216K)
 Metaspace       used 26667K, capacity 27305K, committed 27392K, reserved 1073152K
  class space    used 3522K, capacity 3789K, committed 3840K, reserved 1048576K
}
Event: 3.298 GC heap after
{Heap after GC invocations=6 (full 0):
 garbage-first heap   total 155648K, used 18483K [0x0000000080000000, 0x0000000100000000)
  region size 1024K, 7 young (7168K), 7 survivors (7168K)
 Metaspace       used 26667K, capacity 27305K, committed 27392K, reserved 1073152K
  class space    used 3522K, capacity 3789K, committed 3840K, reserved 1048576K
}
Event: 4.052 GC heap before
{Heap before GC invocations=6 (full 0):
 garbage-first heap   total 155648K, used 63539K [0x0000000080000000, 0x0000000100000000)
  region size 1024K, 52 young (53248K), 7 survivors (7168K)
 Metaspace       used 35041K, capacity 35834K, committed 35840K, reserved 1081344K
  class space    used 4538K, capacity 4864K, committed 4864K, reserved 1048576K
}
Event: 4.061 GC heap after
{Heap after GC invocations=7 (full 0):
 garbage-first heap   total 155648K, used 22104K [0x0000000080000000, 0x0000000100000000)
  region size 1024K, 6 young (6144K), 6 survivors (6144K)
 Metaspace       used 35041K, capacity 35834K, committed 35840K, reserved 1081344K
  class space    used 4538K, capacity 4864K, committed 4864K, reserved 1048576K
}
Event: 5.097 GC heap before
{Heap before GC invocations=8 (full 0):
 garbage-first heap   total 155648K, used 97880K [0x0000000080000000, 0x0000000100000000)
  region size 1024K, 78 young (79872K), 6 survivors (6144K)
 Metaspace       used 40438K, capacity 41387K, committed 41676K, reserved 1085440K
  class space    used 5208K, capacity 5531K, committed 5580K, reserved 1048576K
}
Event: 5.107 GC heap after
{Heap after GC invocations=9 (full 0):
 garbage-first heap   total 155648K, used 27378K [0x0000000080000000, 0x0000000100000000)
  region size 1024K, 9 young (9216K), 9 survivors (9216K)
 Metaspace       used 40438K, capacity 41387K, committed 41676K, reserved 1085440K
  class space    used 5208K, capacity 5531K, committed 5580K, reserved 1048576K
}
Event: 6.470 GC heap before
{Heap before GC invocations=9 (full 0):
 garbage-first heap   total 155648K, used 104178K [0x0000000080000000, 0x0000000100000000)
  region size 1024K, 84 young (86016K), 9 survivors (9216K)
 Metaspace       used 46646K, capacity 47824K, committed 47948K, reserved 1091584K
  class space    used 5970K, capacity 6418K, committed 6476K, reserved 1048576K
}
Event: 6.481 GC heap after
{Heap after GC invocations=10 (full 0):
 garbage-first heap   total 155648K, used 29825K [0x0000000080000000, 0x0000000100000000)
  region size 1024K, 8 young (8192K), 8 survivors (8192K)
 Metaspace       used 46646K, capacity 47824K, committed 47948K, reserved 1091584K
  class space    used 5970K, capacity 6418K, committed 6476K, reserved 1048576K
}
Event: 8.071 GC heap before
{Heap before GC invocations=10 (full 0):
 garbage-first heap   total 155648K, used 117889K [0x0000000080000000, 0x0000000100000000)
  region size 1024K, 90 young (92160K), 8 survivors (8192K)
 Metaspace       used 55684K, capacity 57057K, committed 57292K, reserved 1099776K
  class space    used 7044K, capacity 7555K, committed 7628K, reserved 1048576K
}
Event: 8.087 GC heap after
{Heap after GC invocations=11 (full 0):
 garbage-first heap   total 187392K, used 42876K [0x0000000080000000, 0x0000000100000000)
  region size 1024K, 12 young (12288K), 12 survivors (12288K)
 Metaspace       used 55684K, capacity 57057K, committed 57292K, reserved 1099776K
  class space    used 7044K, capacity 7555K, committed 7628K, reserved 1048576K
}
Event: 8.737 GC heap before
{Heap before GC invocations=11 (full 0):
 garbage-first heap   total 187392K, used 60284K [0x0000000080000000, 0x0000000100000000)
  region size 1024K, 30 young (30720K), 12 survivors (12288K)
 Metaspace       used 58629K, capacity 60157K, committed 60236K, reserved 1101824K
  class space    used 7430K, capacity 7972K, committed 8012K, reserved 1048576K
}
Event: 8.751 GC heap after
{Heap after GC invocations=12 (full 0):
 garbage-first heap   total 187392K, used 44810K [0x0000000080000000, 0x0000000100000000)
  region size 1024K, 2 young (2048K), 2 survivors (2048K)
 Metaspace       used 58629K, capacity 60157K, committed 60236K, reserved 1101824K
  class space    used 7430K, capacity 7972K, committed 8012K, reserved 1048576K
}
Event: 9.567 GC heap before
{Heap before GC invocations=13 (full 0):
 garbage-first heap   total 187392K, used 112394K [0x0000000080000000, 0x0000000100000000)
  region size 1024K, 68 young (69632K), 2 survivors (2048K)
 Metaspace       used 63265K, capacity 64897K, committed 65100K, reserved 1105920K
  class space    used 8043K, capacity 8643K, committed 8780K, reserved 1048576K
}
Event: 9.579 GC heap after
{Heap after GC invocations=14 (full 0):
 garbage-first heap   total 187392K, used 49987K [0x0000000080000000, 0x0000000100000000)
  region size 1024K, 7 young (7168K), 7 survivors (7168K)
 Metaspace       used 63265K, capacity 64897K, committed 65100K, reserved 1105920K
  class space    used 8043K, capacity 8643K, committed 8780K, reserved 1048576K
}

