# JRE version: OpenJDK Runtime Environment (11.0.10) (build 11.0.10+0-b96-7249189)
# Java VM: OpenJDK 64-Bit Server VM (11.0.10+0-b96-7249189, mixed mode, tiered, compressed oops, g1 gc, windows-amd64)
Heap:
 garbage-first heap   total 225280K, used 125467K [0x0000000080000000, 0x0000000100000000)
  region size 1024K, 33 young (33792K), 2 survivors (2048K)
 Metaspace       used 120532K, capacity 123460K, committed 123948K, reserved 1157120K
  class space    used 15065K, capacity 16182K, committed 16428K, reserved 1048576K
GC Heap History (20 events):
Event: 240.831 GC heap before
{Heap before GC invocations=36 (full 0):
 garbage-first heap   total 225280K, used 169704K [0x0000000080000000, 0x0000000100000000)
  region size 1024K, 68 young (69632K), 6 survivors (6144K)
 Metaspace       used 118831K, capacity 121843K, committed 122156K, reserved 1155072K
  class space    used 15091K, capacity 16245K, committed 16428K, reserved 1048576K
}
Event: 240.844 GC heap after
{Heap after GC invocations=37 (full 0):
 garbage-first heap   total 225280K, used 108434K [0x0000000080000000, 0x0000000100000000)
  region size 1024K, 2 young (2048K), 2 survivors (2048K)
 Metaspace       used 118831K, capacity 121843K, committed 122156K, reserved 1155072K
  class space    used 15091K, capacity 16245K, committed 16428K, reserved 1048576K
}
Event: 271.346 GC heap before
{Heap before GC invocations=37 (full 0):
 garbage-first heap   total 225280K, used 124818K [0x0000000080000000, 0x0000000100000000)
  region size 1024K, 11 young (11264K), 2 survivors (2048K)
 Metaspace       used 118939K, capacity 122016K, committed 122412K, reserved 1155072K
  class space    used 15099K, capacity 16255K, committed 16428K, reserved 1048576K
}
Event: 271.361 GC heap after
{Heap after GC invocations=38 (full 0):
 garbage-first heap   total 225280K, used 97472K [0x0000000080000000, 0x0000000100000000)
  region size 1024K, 2 young (2048K), 2 survivors (2048K)
 Metaspace       used 118939K, capacity 122016K, committed 122412K, reserved 1155072K
  class space    used 15099K, capacity 16255K, committed 16428K, reserved 1048576K
}
Event: 1792.554 GC heap before
{Heap before GC invocations=38 (full 0):
 garbage-first heap   total 225280K, used 169152K [0x0000000080000000, 0x0000000100000000)
  region size 1024K, 73 young (74752K), 2 survivors (2048K)
 Metaspace       used 119544K, capacity 122663K, committed 122924K, reserved 1155072K
  class space    used 15116K, capacity 16286K, committed 16428K, reserved 1048576K
}
Event: 1792.564 GC heap after
{Heap after GC invocations=39 (full 0):
 garbage-first heap   total 225280K, used 96220K [0x0000000080000000, 0x0000000100000000)
  region size 1024K, 1 young (1024K), 1 survivors (1024K)
 Metaspace       used 119544K, capacity 122663K, committed 122924K, reserved 1155072K
  class space    used 15116K, capacity 16286K, committed 16428K, reserved 1048576K
}
Event: 3462.699 GC heap before
{Heap before GC invocations=39 (full 0):
 garbage-first heap   total 225280K, used 163804K [0x0000000080000000, 0x0000000100000000)
  region size 1024K, 69 young (70656K), 1 survivors (1024K)
 Metaspace       used 119876K, capacity 122996K, committed 123180K, reserved 1157120K
  class space    used 15134K, capacity 16315K, committed 16428K, reserved 1048576K
}
Event: 3462.723 GC heap after
{Heap after GC invocations=40 (full 0):
 garbage-first heap   total 225280K, used 100400K [0x0000000080000000, 0x0000000100000000)
  region size 1024K, 5 young (5120K), 5 survivors (5120K)
 Metaspace       used 119876K, capacity 122996K, committed 123180K, reserved 1157120K
  class space    used 15134K, capacity 16315K, committed 16428K, reserved 1048576K
}
Event: 3471.152 GC heap before
{Heap before GC invocations=41 (full 0):
 garbage-first heap   total 225280K, used 192560K [0x0000000080000000, 0x0000000100000000)
  region size 1024K, 79 young (80896K), 5 survivors (5120K)
 Metaspace       used 119721K, capacity 122644K, committed 123436K, reserved 1157120K
  class space    used 15059K, capacity 16170K, committed 16428K, reserved 1048576K
}
Event: 3471.184 GC heap after
{Heap after GC invocations=42 (full 0):
 garbage-first heap   total 225280K, used 106383K [0x0000000080000000, 0x0000000100000000)
  region size 1024K, 10 young (10240K), 10 survivors (10240K)
 Metaspace       used 119721K, capacity 122644K, committed 123436K, reserved 1157120K
  class space    used 15059K, capacity 16170K, committed 16428K, reserved 1048576K
}
Event: 3471.187 GC heap before
{Heap before GC invocations=42 (full 0):
 garbage-first heap   total 225280K, used 107407K [0x0000000080000000, 0x0000000100000000)
  region size 1024K, 11 young (11264K), 10 survivors (10240K)
 Metaspace       used 119721K, capacity 122644K, committed 123436K, reserved 1157120K
  class space    used 15059K, capacity 16170K, committed 16428K, reserved 1048576K
}
Event: 3471.235 GC heap after
{Heap after GC invocations=43 (full 0):
 garbage-first heap   total 225280K, used 93833K [0x0000000080000000, 0x0000000100000000)
  region size 1024K, 1 young (1024K), 1 survivors (1024K)
 Metaspace       used 119721K, capacity 122644K, committed 123436K, reserved 1157120K
  class space    used 15059K, capacity 16170K, committed 16428K, reserved 1048576K
}
Event: 3471.347 GC heap before
{Heap before GC invocations=43 (full 0):
 garbage-first heap   total 225280K, used 103049K [0x0000000080000000, 0x0000000100000000)
  region size 1024K, 11 young (11264K), 1 survivors (1024K)
 Metaspace       used 119739K, capacity 122708K, committed 123436K, reserved 1157120K
  class space    used 15059K, capacity 16170K, committed 16428K, reserved 1048576K
}
Event: 3471.354 GC heap after
{Heap after GC invocations=44 (full 0):
 garbage-first heap   total 225280K, used 94888K [0x0000000080000000, 0x0000000100000000)
  region size 1024K, 1 young (1024K), 1 survivors (1024K)
 Metaspace       used 119739K, capacity 122708K, committed 123436K, reserved 1157120K
  class space    used 15059K, capacity 16170K, committed 16428K, reserved 1048576K
}
Event: 3474.175 GC heap before
{Heap before GC invocations=44 (full 0):
 garbage-first heap   total 225280K, used 133800K [0x0000000080000000, 0x0000000100000000)
  region size 1024K, 41 young (41984K), 1 survivors (1024K)
 Metaspace       used 119918K, capacity 122776K, committed 123436K, reserved 1157120K
  class space    used 15059K, capacity 16170K, committed 16428K, reserved 1048576K
}
Event: 3474.180 GC heap after
{Heap after GC invocations=45 (full 0):
 garbage-first heap   total 225280K, used 96900K [0x0000000080000000, 0x0000000100000000)
  region size 1024K, 3 young (3072K), 3 survivors (3072K)
 Metaspace       used 119918K, capacity 122776K, committed 123436K, reserved 1157120K
  class space    used 15059K, capacity 16170K, committed 16428K, reserved 1048576K
}
Event: 3475.385 GC heap before
{Heap before GC invocations=46 (full 0):
 garbage-first heap   total 225280K, used 174724K [0x0000000080000000, 0x0000000100000000)
  region size 1024K, 78 young (79872K), 3 survivors (3072K)
 Metaspace       used 120362K, capacity 123313K, committed 123948K, reserved 1157120K
  class space    used 15065K, capacity 16182K, committed 16428K, reserved 1048576K
}
Event: 3475.400 GC heap after
{Heap after GC invocations=47 (full 0):
 garbage-first heap   total 225280K, used 102346K [0x0000000080000000, 0x0000000100000000)
  region size 1024K, 10 young (10240K), 10 survivors (10240K)
 Metaspace       used 120362K, capacity 123313K, committed 123948K, reserved 1157120K
  class space    used 15065K, capacity 16182K, committed 16428K, reserved 1048576K
}
Event: 3475.405 GC heap before
{Heap before GC invocations=47 (full 0):
 garbage-first heap   total 225280K, used 103370K [0x0000000080000000, 0x0000000100000000)
  region size 1024K, 11 young (11264K), 10 survivors (10240K)
 Metaspace       used 120368K, capacity 123314K, committed 123948K, reserved 1157120K
  class space    used 15065K, capacity 16182K, committed 16428K, reserved 1048576K
}
Event: 3475.438 GC heap after
{Heap after GC invocations=48 (full 0):
 garbage-first heap   total 225280K, used 94747K [0x0000000080000000, 0x0000000100000000)
  region size 1024K, 2 young (2048K), 2 survivors (2048K)
 Metaspace       used 120368K, capacity 123314K, committed 123948K, reserved 1157120K
  class space    used 15065K, capacity 16182K, committed 16428K, reserved 1048576K
}

