# JRE version: OpenJDK Runtime Environment (11.0.10) (build 11.0.10+0-b96-7249189)
# Java VM: OpenJDK 64-Bit Server VM (11.0.10+0-b96-7249189, mixed mode, tiered, compressed oops, g1 gc, windows-amd64)
Heap:
 garbage-first heap   total 129024K, used 112699K [0x0000000080000000, 0x0000000100000000)
  region size 1024K, 13 young (13312K), 2 survivors (2048K)
 Metaspace       used 85924K, capacity 88043K, committed 88320K, reserved 1126400K
  class space    used 10965K, capacity 11739K, committed 11776K, reserved 1048576K
GC Heap History (20 events):
Event: 35.121 GC heap before
{Heap before GC invocations=20 (full 0):
 garbage-first heap   total 129024K, used 102671K [0x0000000080000000, 0x0000000100000000)
  region size 1024K, 49 young (50176K), 6 survivors (6144K)
 Metaspace       used 78759K, capacity 80713K, committed 80896K, reserved 1120256K
  class space    used 10282K, capacity 10989K, committed 11008K, reserved 1048576K
}
Event: 35.136 GC heap after
{Heap after GC invocations=21 (full 0):
 garbage-first heap   total 129024K, used 62371K [0x0000000080000000, 0x0000000100000000)
  region size 1024K, 7 young (7168K), 7 survivors (7168K)
 Metaspace       used 78759K, capacity 80713K, committed 80896K, reserved 1120256K
  class space    used 10282K, capacity 10989K, committed 11008K, reserved 1048576K
}
Event: 36.987 GC heap before
{Heap before GC invocations=21 (full 0):
 garbage-first heap   total 129024K, used 102307K [0x0000000080000000, 0x0000000100000000)
  region size 1024K, 47 young (48128K), 7 survivors (7168K)
 Metaspace       used 79351K, capacity 81314K, committed 81408K, reserved 1120256K
  class space    used 10306K, capacity 11006K, committed 11008K, reserved 1048576K
}
Event: 37.007 GC heap after
{Heap after GC invocations=22 (full 0):
 garbage-first heap   total 129024K, used 65034K [0x0000000080000000, 0x0000000100000000)
  region size 1024K, 3 young (3072K), 3 survivors (3072K)
 Metaspace       used 79351K, capacity 81314K, committed 81408K, reserved 1120256K
  class space    used 10306K, capacity 11006K, committed 11008K, reserved 1048576K
}
Event: 39.921 GC heap before
{Heap before GC invocations=22 (full 0):
 garbage-first heap   total 129024K, used 103946K [0x0000000080000000, 0x0000000100000000)
  region size 1024K, 42 young (43008K), 3 survivors (3072K)
 Metaspace       used 79762K, capacity 81790K, committed 82048K, reserved 1120256K
  class space    used 10343K, capacity 11087K, committed 11136K, reserved 1048576K
}
Event: 39.927 GC heap after
{Heap after GC invocations=23 (full 0):
 garbage-first heap   total 129024K, used 67423K [0x0000000080000000, 0x0000000100000000)
  region size 1024K, 6 young (6144K), 6 survivors (6144K)
 Metaspace       used 79762K, capacity 81790K, committed 82048K, reserved 1120256K
  class space    used 10343K, capacity 11087K, committed 11136K, reserved 1048576K
}
Event: 43.153 GC heap before
{Heap before GC invocations=24 (full 0):
 garbage-first heap   total 129024K, used 104287K [0x0000000080000000, 0x0000000100000000)
  region size 1024K, 43 young (44032K), 6 survivors (6144K)
 Metaspace       used 80078K, capacity 82045K, committed 82304K, reserved 1120256K
  class space    used 10372K, capacity 11095K, committed 11136K, reserved 1048576K
}
Event: 43.167 GC heap after
{Heap after GC invocations=25 (full 0):
 garbage-first heap   total 129024K, used 69474K [0x0000000080000000, 0x0000000100000000)
  region size 1024K, 5 young (5120K), 5 survivors (5120K)
 Metaspace       used 80078K, capacity 82045K, committed 82304K, reserved 1120256K
  class space    used 10372K, capacity 11095K, committed 11136K, reserved 1048576K
}
Event: 45.167 GC heap before
{Heap before GC invocations=25 (full 0):
 garbage-first heap   total 129024K, used 106338K [0x0000000080000000, 0x0000000100000000)
  region size 1024K, 42 young (43008K), 5 survivors (5120K)
 Metaspace       used 80194K, capacity 82159K, committed 82304K, reserved 1120256K
  class space    used 10387K, capacity 11132K, committed 11136K, reserved 1048576K
}
Event: 45.178 GC heap after
{Heap after GC invocations=26 (full 0):
 garbage-first heap   total 129024K, used 71292K [0x0000000080000000, 0x0000000100000000)
  region size 1024K, 4 young (4096K), 4 survivors (4096K)
 Metaspace       used 80194K, capacity 82159K, committed 82304K, reserved 1120256K
  class space    used 10387K, capacity 11132K, committed 11136K, reserved 1048576K
}
Event: 142.630 GC heap before
{Heap before GC invocations=27 (full 0):
 garbage-first heap   total 129024K, used 107132K [0x0000000080000000, 0x0000000100000000)
  region size 1024K, 40 young (40960K), 4 survivors (4096K)
 Metaspace       used 81591K, capacity 83713K, committed 83840K, reserved 1122304K
  class space    used 10513K, capacity 11323K, committed 11392K, reserved 1048576K
}
Event: 142.639 GC heap after
{Heap after GC invocations=28 (full 0):
 garbage-first heap   total 129024K, used 75118K [0x0000000080000000, 0x0000000100000000)
  region size 1024K, 5 young (5120K), 5 survivors (5120K)
 Metaspace       used 81591K, capacity 83713K, committed 83840K, reserved 1122304K
  class space    used 10513K, capacity 11323K, committed 11392K, reserved 1048576K
}
Event: 143.109 GC heap before
{Heap before GC invocations=28 (full 0):
 garbage-first heap   total 129024K, used 88430K [0x0000000080000000, 0x0000000100000000)
  region size 1024K, 20 young (20480K), 5 survivors (5120K)
 Metaspace       used 82559K, capacity 84693K, committed 84864K, reserved 1122304K
  class space    used 10572K, capacity 11368K, committed 11392K, reserved 1048576K
}
Event: 143.121 GC heap after
{Heap after GC invocations=29 (full 0):
 garbage-first heap   total 129024K, used 76869K [0x0000000080000000, 0x0000000100000000)
  region size 1024K, 2 young (2048K), 2 survivors (2048K)
 Metaspace       used 82559K, capacity 84693K, committed 84864K, reserved 1122304K
  class space    used 10572K, capacity 11368K, committed 11392K, reserved 1048576K
}
Event: 143.798 GC heap before
{Heap before GC invocations=30 (full 0):
 garbage-first heap   total 129024K, used 101445K [0x0000000080000000, 0x0000000100000000)
  region size 1024K, 25 young (25600K), 2 survivors (2048K)
 Metaspace       used 83429K, capacity 85551K, committed 85760K, reserved 1124352K
  class space    used 10666K, capacity 11442K, committed 11520K, reserved 1048576K
}
Event: 143.810 GC heap after
{Heap after GC invocations=31 (full 0):
 garbage-first heap   total 129024K, used 88500K [0x0000000080000000, 0x0000000100000000)
  region size 1024K, 4 young (4096K), 4 survivors (4096K)
 Metaspace       used 83429K, capacity 85551K, committed 85760K, reserved 1124352K
  class space    used 10666K, capacity 11442K, committed 11520K, reserved 1048576K
}
Event: 143.828 GC heap before
{Heap before GC invocations=31 (full 0):
 garbage-first heap   total 129024K, used 90548K [0x0000000080000000, 0x0000000100000000)
  region size 1024K, 6 young (6144K), 4 survivors (4096K)
 Metaspace       used 83482K, capacity 85615K, committed 85760K, reserved 1124352K
  class space    used 10673K, capacity 11442K, committed 11520K, reserved 1048576K
}
Event: 143.841 GC heap after
{Heap after GC invocations=32 (full 0):
 garbage-first heap   total 129024K, used 88064K [0x0000000080000000, 0x0000000100000000)
  region size 1024K, 1 young (1024K), 1 survivors (1024K)
 Metaspace       used 83482K, capacity 85615K, committed 85760K, reserved 1124352K
  class space    used 10673K, capacity 11442K, committed 11520K, reserved 1048576K
}
Event: 144.294 GC heap before
{Heap before GC invocations=32 (full 0):
 garbage-first heap   total 129024K, used 103424K [0x0000000080000000, 0x0000000100000000)
  region size 1024K, 16 young (16384K), 1 survivors (1024K)
 Metaspace       used 85559K, capacity 87720K, committed 87808K, reserved 1126400K
  class space    used 10936K, capacity 11738K, committed 11776K, reserved 1048576K
}
Event: 144.298 GC heap after
{Heap after GC invocations=33 (full 0):
 garbage-first heap   total 129024K, used 88123K [0x0000000080000000, 0x0000000100000000)
  region size 1024K, 2 young (2048K), 2 survivors (2048K)
 Metaspace       used 85559K, capacity 87720K, committed 87808K, reserved 1126400K
  class space    used 10936K, capacity 11738K, committed 11776K, reserved 1048576K
}

